<?xml version="1.0" encoding="UTF-8"?>
<testsuite name="id.ac.ui.cs.advprog.eshop.controller.HomePageControllerTest" tests="1" skipped="0" failures="0" errors="0" timestamp="2026-02-17T12:19:36.629Z" hostname="KOMP1" time="0.931">
  <properties/>
  <testcase name="testHomePage()" classname="id.ac.ui.cs.advprog.eshop.controller.HomePageControllerTest" time="0.931"/>
  <system-out><![CDATA[2026-02-17T19:19:35.749+07:00  INFO 26024 --- [eshop] [    Test worker] t.c.s.AnnotationConfigContextLoaderUtils : Could not detect default configuration classes for test class [id.ac.ui.cs.advprog.eshop.controller.HomePageControllerTest]: HomePageControllerTest does not declare any static, non-private, non-final, nested classes annotated with @Configuration.
2026-02-17T19:19:35.779+07:00  INFO 26024 --- [eshop] [    Test worker] .b.t.c.SpringBootTestContextBootstrapper : Found @SpringBootConfiguration id.ac.ui.cs.advprog.eshop.EshopApplication for test class id.ac.ui.cs.advprog.eshop.controller.HomePageControllerTest

  .   ____          _            __ _ _
 /\\ / ___'_ __ _ _(_)_ __  __ _ \ \ \ \
( ( )\___ | '_ | '_| | '_ \/ _` | \ \ \ \
 \\/  ___)| |_)| | | | | || (_| |  ) ) ) )
  '  |____| .__|_| |_|_| |_\__, | / / / /
 =========|_|==============|___/=/_/_/_/

 :: Spring Boot ::               (v3.5.10)

2026-02-17T19:19:35.809+07:00  INFO 26024 --- [eshop] [    Test worker] i.a.u.c.a.e.c.HomePageControllerTest     : Starting HomePageControllerTest using Java 21.0.10 with PID 26024 (started by oakwo in C:\Users\oakwo\OneDrive\Desktop\Kuliah\Adpro\Modul Adpro)
2026-02-17T19:19:35.809+07:00  INFO 26024 --- [eshop] [    Test worker] i.a.u.c.a.e.c.HomePageControllerTest     : No active profile set, falling back to 1 default profile: "default"
2026-02-17T19:19:36.587+07:00  INFO 26024 --- [eshop] [    Test worker] o.s.b.t.m.w.SpringBootMockServletContext : Initializing Spring TestDispatcherServlet ''
2026-02-17T19:19:36.588+07:00  INFO 26024 --- [eshop] [    Test worker] o.s.t.web.servlet.TestDispatcherServlet  : Initializing Servlet ''
2026-02-17T19:19:36.589+07:00  INFO 26024 --- [eshop] [    Test worker] o.s.t.web.servlet.TestDispatcherServlet  : Completed initialization in 1 ms
2026-02-17T19:19:36.618+07:00  INFO 26024 --- [eshop] [    Test worker] i.a.u.c.a.e.c.HomePageControllerTest     : Started HomePageControllerTest in 0.834 seconds (process running for 7.253)
]]></system-out>
  <system-err><![CDATA[]]></system-err>
</testsuite>
