<?xml version="1.0" encoding="UTF-8"?>
<testsuite name="id.ac.ui.cs.advprog.eshop.service.ProductServiceImplTest" tests="6" skipped="0" failures="0" errors="0" timestamp="2026-02-17T12:19:38.425Z" hostname="KOMP1" time="0.168">
  <properties/>
  <testcase name="testFindAll()" classname="id.ac.ui.cs.advprog.eshop.service.ProductServiceImplTest" time="0.136"/>
  <testcase name="testEdit()" classname="id.ac.ui.cs.advprog.eshop.service.ProductServiceImplTest" time="0.004"/>
  <testcase name="testFindById()" classname="id.ac.ui.cs.advprog.eshop.service.ProductServiceImplTest" time="0.005"/>
  <testcase name="testCreate()" classname="id.ac.ui.cs.advprog.eshop.service.ProductServiceImplTest" time="0.006"/>
  <testcase name="testDelete()" classname="id.ac.ui.cs.advprog.eshop.service.ProductServiceImplTest" time="0.006"/>
  <testcase name="testFindById_NotFound()" classname="id.ac.ui.cs.advprog.eshop.service.ProductServiceImplTest" time="0.006"/>
  <system-out><![CDATA[]]></system-out>
  <system-err><![CDATA[]]></system-err>
</testsuite>
