<?xml version="1.0" encoding="UTF-8"?>
<testsuite name="id.ac.ui.cs.advprog.eshop.controller.ProductControllerTest" tests="7" skipped="0" failures="0" errors="0" timestamp="2026-02-17T12:19:37.905Z" hostname="KOMP1" time="0.384">
  <properties/>
  <testcase name="testEditProductPost()" classname="id.ac.ui.cs.advprog.eshop.controller.ProductControllerTest" time="0.125"/>
  <testcase name="testEditProductPage_Found()" classname="id.ac.ui.cs.advprog.eshop.controller.ProductControllerTest" time="0.158"/>
  <testcase name="testEditProductPage_NotFound()" classname="id.ac.ui.cs.advprog.eshop.controller.ProductControllerTest" time="0.005"/>
  <testcase name="testCreateProductPage()" classname="id.ac.ui.cs.advprog.eshop.controller.ProductControllerTest" time="0.01"/>
  <testcase name="testCreateProductPost()" classname="id.ac.ui.cs.advprog.eshop.controller.ProductControllerTest" time="0.004"/>
  <testcase name="testProductListPage()" classname="id.ac.ui.cs.advprog.eshop.controller.ProductControllerTest" time="0.07"/>
  <testcase name="testDeleteProduct()" classname="id.ac.ui.cs.advprog.eshop.controller.ProductControllerTest" time="0.003"/>
  <system-out><![CDATA[2026-02-17T19:19:37.568+07:00  INFO 26024 --- [eshop] [    Test worker] t.c.s.AnnotationConfigContextLoaderUtils : Could not detect default configuration classes for test class [id.ac.ui.cs.advprog.eshop.controller.ProductControllerTest]: ProductControllerTest does not declare any static, non-private, non-final, nested classes annotated with @Configuration.
2026-02-17T19:19:37.583+07:00  INFO 26024 --- [eshop] [    Test worker] .b.t.c.SpringBootTestContextBootstrapper : Found @SpringBootConfiguration id.ac.ui.cs.advprog.eshop.EshopApplication for test class id.ac.ui.cs.advprog.eshop.controller.ProductControllerTest

  .   ____          _            __ _ _
 /\\ / ___'_ __ _ _(_)_ __  __ _ \ \ \ \
( ( )\___ | '_ | '_| | '_ \/ _` | \ \ \ \
 \\/  ___)| |_)| | | | | || (_| |  ) ) ) )
  '  |____| .__|_| |_|_| |_\__, | / / / /
 =========|_|==============|___/=/_/_/_/

 :: Spring Boot ::               (v3.5.10)

2026-02-17T19:19:37.628+07:00  INFO 26024 --- [eshop] [    Test worker] i.a.u.c.a.e.c.ProductControllerTest      : Starting ProductControllerTest using Java 21.0.10 with PID 26024 (started by oakwo in C:\Users\oakwo\OneDrive\Desktop\Kuliah\Adpro\Modul Adpro)
2026-02-17T19:19:37.628+07:00  INFO 26024 --- [eshop] [    Test worker] i.a.u.c.a.e.c.ProductControllerTest      : No active profile set, falling back to 1 default profile: "default"
2026-02-17T19:19:37.895+07:00  INFO 26024 --- [eshop] [    Test worker] o.s.b.t.m.w.SpringBootMockServletContext : Initializing Spring TestDispatcherServlet ''
2026-02-17T19:19:37.895+07:00  INFO 26024 --- [eshop] [    Test worker] o.s.t.web.servlet.TestDispatcherServlet  : Initializing Servlet ''
2026-02-17T19:19:37.896+07:00  INFO 26024 --- [eshop] [    Test worker] o.s.t.web.servlet.TestDispatcherServlet  : Completed initialization in 1 ms
2026-02-17T19:19:37.902+07:00  INFO 26024 --- [eshop] [    Test worker] i.a.u.c.a.e.c.ProductControllerTest      : Started ProductControllerTest in 0.314 seconds (process running for 8.536)
]]></system-out>
  <system-err><![CDATA[]]></system-err>
</testsuite>
